  CV_CompVision.cpp
c:\users\one\source\repos\cv_compvision\cv_compvision\cv_compvision.cpp(57): warning C4244: 'argument': conversion from 'double' to 'int', possible loss of data
c:\users\one\source\repos\cv_compvision\cv_compvision\cv_compvision.cpp(58): warning C4244: 'argument': conversion from 'double' to 'int', possible loss of data
c:\users\one\source\repos\cv_compvision\cv_compvision\cv_compvision.cpp(58): warning C4244: 'initializing': conversion from 'int' to 'float', possible loss of data
c:\users\one\source\repos\cv_compvision\cv_compvision\cv_compvision.cpp(59): warning C4244: '=': conversion from 'float' to '_Tp', possible loss of data
          with
          [
              _Tp=uchar
          ]
c:\users\one\source\repos\cv_compvision\cv_compvision\cv_compvision.cpp(66): warning C4477: 'printf' : format string '%d' requires an argument of type 'int', but variadic argument 1 has type '_Rep'
          with
          [
              _Rep=__int64
          ]
  c:\users\one\source\repos\cv_compvision\cv_compvision\cv_compvision.cpp(66): note: consider using '%lld' in the format string
  c:\users\one\source\repos\cv_compvision\cv_compvision\cv_compvision.cpp(66): note: consider using '%Id' in the format string
  c:\users\one\source\repos\cv_compvision\cv_compvision\cv_compvision.cpp(66): note: consider using '%I64d' in the format string
  Generating code
  1 of 165 functions ( 0.6%) were compiled, the rest were copied from previous compilation.
    0 functions were new in current compilation
    0 functions had inline decision re-evaluated but remain unchanged
  Finished generating code
  CV_CompVision.vcxproj -> C:\Users\One\source\repos\CV_CompVision\x64\Release\CV_CompVision.exe
